#
# There is insufficient memory for the Java Runtime Environment to continue.
# Native memory allocation (malloc) failed to allocate 684336 bytes for Chunk::new
# Possible reasons:
#   The system is out of physical RAM or swap space
#   In 32 bit mode, the process size limit was hit
# Possible solutions:
#   Reduce memory load on the system
#   Increase physical memory or swap space
#   Check if swap backing store is full
#   Use 64 bit Java on a 64 bit OS
#   Decrease Java heap size (-Xmx/-Xms)
#   Decrease number of Java threads
#   Decrease Java thread stack sizes (-Xss)
#   Set larger code cache with -XX:ReservedCodeCacheSize=
# This output file may be truncated or incomplete.
#
#  Out of Memory Error (allocation.cpp:390), pid=13840, tid=10964
#
# JRE version: Java(TM) SE Runtime Environment (8.0_91-b15) (build 1.8.0_91-b15)
# Java VM: Java HotSpot(TM) 64-Bit Server VM (25.91-b15 mixed mode windows-amd64 compressed oops)
# Failed to write core dump. Minidumps are not enabled by default on client versions of Windows
#

---------------  T H R E A D  ---------------

Current thread (0x000000001dc28000):  JavaThread "C2 CompilerThread2" daemon [_thread_in_native, id=10964, stack(0x000000001e5c0000,0x000000001e6c0000)]

Stack: [0x000000001e5c0000,0x000000001e6c0000]
[error occurred during error reporting (printing stack bounds), id 0xc0000005]

Native frames: (J=compiled Java code, j=interpreted, Vv=VM code, C=native code)


Current CompileTask:
C2: 153373 11593       4       com.android.jack.dx.dex.file.ValueEncoder::writeConstant (459 bytes)


---------------  P R O C E S S  ---------------

Java Threads: ( => current thread )
  0x000000001f4f2000 JavaThread "Jack reporter" [_thread_blocked, id=15644, stack(0x0000000020390000,0x0000000020490000)]
  0x000000001dcc2000 JavaThread "Service Thread" daemon [_thread_blocked, id=13220, stack(0x000000001e7c0000,0x000000001e8c0000)]
  0x000000001dc2b000 JavaThread "C1 CompilerThread3" daemon [_thread_blocked, id=2544, stack(0x000000001e6c0000,0x000000001e7c0000)]
=>0x000000001dc28000 JavaThread "C2 CompilerThread2" daemon [_thread_in_native, id=10964, stack(0x000000001e5c0000,0x000000001e6c0000)]
  0x000000001dc17000 JavaThread "C2 CompilerThread1" daemon [_thread_in_native, id=15872, stack(0x000000001e4c0000,0x000000001e5c0000)]
  0x000000001dc13800 JavaThread "C2 CompilerThread0" daemon [_thread_in_native, id=12968, stack(0x000000001e3c0000,0x000000001e4c0000)]
  0x000000001dc11000 JavaThread "Attach Listener" daemon [_thread_blocked, id=2480, stack(0x000000001e2c0000,0x000000001e3c0000)]
  0x000000001dc10000 JavaThread "Signal Dispatcher" daemon [_thread_blocked, id=10908, stack(0x000000001e1c0000,0x000000001e2c0000)]
  0x000000001bd05800 JavaThread "Finalizer" daemon [_thread_blocked, id=4300, stack(0x000000001dfe0000,0x000000001e0e0000)]
  0x000000001bcfb000 JavaThread "Reference Handler" daemon [_thread_blocked, id=9136, stack(0x000000001dae0000,0x000000001dbe0000)]
  0x00000000020e9800 JavaThread "main" [_thread_in_vm, id=4428, stack(0x0000000001fe0000,0x00000000020e0000)]

Other Threads:
  0x00000000021de800 VMThread [stack: 0x000000001d9e0000,0x000000001dae0000] [id=8008]
  0x000000001dcd4800 WatcherThread [stack: 0x000000001e8c0000,0x000000001e9c0000] [id=11232]

VM state:not at safepoint (normal execution)

VM Mutex/Monitor currently owned by a thread: None

Heap:
 PSYoungGen      total 931840K, used 367557K [0x000000076ab00000, 0x00000007c0000000, 0x00000007c0000000)
  eden space 465920K, 78% used [0x000000076ab00000,0x00000007811f14f8,0x0000000787200000)
  from space 465920K, 0% used [0x00000007a3900000,0x00000007a3900000,0x00000007c0000000)
  to   space 465920K, 0% used [0x0000000787200000,0x0000000787200000,0x00000007a3900000)
 ParOldGen       total 1849344K, used 1453207K [0x00000006c0000000, 0x0000000730e00000, 0x000000076ab00000)
  object space 1849344K, 78% used [0x00000006c0000000,0x0000000718b25ca0,0x0000000730e00000)
 Metaspace       used 27874K, capacity 28058K, committed 28288K, reserved 1075200K
  class space    used 3090K, capacity 3123K, committed 3200K, reserved 1048576K

Card table byte_map: [0x00000000115a0000,0x0000000011db0000] byte_map_base: 0x000000000dfa0000

Marking Bits: (ParMarkBitMap*) 0x0000000066f02f70
 Begin Bits: [0x0000000012b10000, 0x0000000016b10000)
 End Bits:   [0x0000000016b10000, 0x000000001ab10000)

Polling page: 0x0000000001d60000

CodeCache: size=245760Kb used=32707Kb max_used=33252Kb free=213052Kb
 bounds [0x00000000021e0000, 0x00000000042b0000, 0x00000000111e0000]
 total_blobs=8753 nmethods=8374 vcc.cretivemindsz.kumar.adapters=287
 compilation: enabled

Compilation events (10 events):
Event: 153.234 Thread 0x000000001dc2b000 11650       1       sun.util.calendar.CalendarDate::getMonth (5 bytes)
Event: 153.234 Thread 0x000000001dc2b000 nmethod 11650 0x00000000030bdb50 code [0x00000000030bdca0, 0x00000000030bddb0]
Event: 153.234 Thread 0x000000001dc2b000 11651       3       sun.util.calendar.BaseCalendar::isLeapYear (5 bytes)
Event: 153.235 Thread 0x000000001dc2b000 nmethod 11651 0x00000000030bd5d0 code [0x00000000030bd740, 0x00000000030bda30]
Event: 153.235 Thread 0x000000001dc2b000 11652       3       sun.util.calendar.CalendarUtils::isGregorianLeapYear (27 bytes)
Event: 153.235 Thread 0x000000001dc2b000 nmethod 11652 0x00000000035c99d0 code [0x00000000035c9b40, 0x00000000035c9db0]
Event: 153.235 Thread 0x000000001dc2b000 11653       1       sun.util.calendar.CalendarDate::getDayOfMonth (5 bytes)
Event: 153.235 Thread 0x000000001dc2b000 nmethod 11653 0x00000000030bd310 code [0x00000000030bd460, 0x00000000030bd570]
Event: 153.235 Thread 0x000000001dc2b000 11654       3       sun.util.calendar.CalendarDate::setLeapYear (6 bytes)
Event: 153.235 Thread 0x000000001dc2b000 nmethod 11654 0x00000000035c96d0 code [0x00000000035c9820, 0x00000000035c9970]

GC Heap History (10 events):
Event: 143.776 GC heap before
{Heap before GC invocations=58 (full 36):
 PSYoungGen      total 931840K, used 465920K [0x000000076ab00000, 0x00000007c0000000, 0x00000007c0000000)
  eden space 465920K, 100% used [0x000000076ab00000,0x0000000787200000,0x0000000787200000)
  from space 465920K, 0% used [0x00000007a3900000,0x00000007a3900000,0x00000007c0000000)
  to   space 465920K, 0% used [0x0000000787200000,0x0000000787200000,0x00000007a3900000)
 ParOldGen       total 1849344K, used 1684898K [0x00000006c0000000, 0x0000000730e00000, 0x000000076ab00000)
  object space 1849344K, 91% used [0x00000006c0000000,0x0000000726d68918,0x0000000730e00000)
 Metaspace       used 26932K, capacity 27130K, committed 27520K, reserved 1073152K
  class space    used 3043K, capacity 3091K, committed 3200K, reserved 1048576K
Event: 145.763 GC heap after
Heap after GC invocations=58 (full 36):
 PSYoungGen      total 931840K, used 0K [0x000000076ab00000, 0x00000007c0000000, 0x00000007c0000000)
  eden space 465920K, 0% used [0x000000076ab00000,0x000000076ab00000,0x0000000787200000)
  from space 465920K, 0% used [0x00000007a3900000,0x00000007a3900000,0x00000007c0000000)
  to   space 465920K, 0% used [0x0000000787200000,0x0000000787200000,0x00000007a3900000)
 ParOldGen       total 1849344K, used 1640840K [0x00000006c0000000, 0x0000000730e00000, 0x000000076ab00000)
  object space 1849344K, 88% used [0x00000006c0000000,0x0000000724262338,0x0000000730e00000)
 Metaspace       used 26932K, capacity 27130K, committed 27520K, reserved 1073152K
  class space    used 3043K, capacity 3091K, committed 3200K, reserved 1048576K
}
Event: 146.135 GC heap before
{Heap before GC invocations=59 (full 37):
 PSYoungGen      total 931840K, used 465920K [0x000000076ab00000, 0x00000007c0000000, 0x00000007c0000000)
  eden space 465920K, 100% used [0x000000076ab00000,0x0000000787200000,0x0000000787200000)
  from space 465920K, 0% used [0x00000007a3900000,0x00000007a3900000,0x00000007c0000000)
  to   space 465920K, 0% used [0x0000000787200000,0x0000000787200000,0x00000007a3900000)
 ParOldGen       total 1849344K, used 1640840K [0x00000006c0000000, 0x0000000730e00000, 0x000000076ab00000)
  object space 1849344K, 88% used [0x00000006c0000000,0x0000000724262338,0x0000000730e00000)
 Metaspace       used 26932K, capacity 27130K, committed 27520K, reserved 1073152K
  class space    used 3043K, capacity 3091K, committed 3200K, reserved 1048576K
Event: 148.395 GC heap after
Heap after GC invocations=59 (full 37):
 PSYoungGen      total 931840K, used 0K [0x000000076ab00000, 0x00000007c0000000, 0x00000007c0000000)
  eden space 465920K, 0% used [0x000000076ab00000,0x000000076ab00000,0x0000000787200000)
  from space 465920K, 0% used [0x00000007a3900000,0x00000007a3900000,0x00000007c0000000)
  to   space 465920K, 0% used [0x0000000787200000,0x0000000787200000,0x00000007a3900000)
 ParOldGen       total 1849344K, used 1522344K [0x00000006c0000000, 0x0000000730e00000, 0x000000076ab00000)
  object space 1849344K, 82% used [0x00000006c0000000,0x000000071ceaa248,0x0000000730e00000)
 Metaspace       used 26932K, capacity 27130K, committed 27520K, reserved 1073152K
  class space    used 3043K, capacity 3091K, committed 3200K, reserved 1048576K
}
Event: 148.695 GC heap before
{Heap before GC invocations=60 (full 37):
 PSYoungGen      total 931840K, used 465920K [0x000000076ab00000, 0x00000007c0000000, 0x00000007c0000000)
  eden space 465920K, 100% used [0x000000076ab00000,0x0000000787200000,0x0000000787200000)
  from space 465920K, 0% used [0x00000007a3900000,0x00000007a3900000,0x00000007c0000000)
  to   space 465920K, 0% used [0x0000000787200000,0x0000000787200000,0x00000007a3900000)
 ParOldGen       total 1849344K, used 1522344K [0x00000006c0000000, 0x0000000730e00000, 0x000000076ab00000)
  object space 1849344K, 82% used [0x00000006c0000000,0x000000071ceaa248,0x0000000730e00000)
 Metaspace       used 26932K, capacity 27130K, committed 27520K, reserved 1073152K
  class space    used 3043K, capacity 3091K, committed 3200K, reserved 1048576K
Event: 148.722 GC heap after
Heap after GC invocations=60 (full 37):
 PSYoungGen      total 931840K, used 44739K [0x000000076ab00000, 0x00000007c0000000, 0x00000007c0000000)
  eden space 465920K, 0% used [0x000000076ab00000,0x000000076ab00000,0x0000000787200000)
  from space 465920K, 9% used [0x0000000787200000,0x0000000789db0cb8,0x00000007a3900000)
  to   space 465920K, 0% used [0x00000007a3900000,0x00000007a3900000,0x00000007c0000000)
 ParOldGen       total 1849344K, used 1522344K [0x00000006c0000000, 0x0000000730e00000, 0x000000076ab00000)
  object space 1849344K, 82% used [0x00000006c0000000,0x000000071ceaa248,0x0000000730e00000)
 Metaspace       used 26932K, capacity 27130K, committed 27520K, reserved 1073152K
  class space    used 3043K, capacity 3091K, committed 3200K, reserved 1048576K
}
Event: 149.034 GC heap before
{Heap before GC invocations=61 (full 37):
 PSYoungGen      total 931840K, used 510659K [0x000000076ab00000, 0x00000007c0000000, 0x00000007c0000000)
  eden space 465920K, 100% used [0x000000076ab00000,0x0000000787200000,0x0000000787200000)
  from space 465920K, 9% used [0x0000000787200000,0x0000000789db0cb8,0x00000007a3900000)
  to   space 465920K, 0% used [0x00000007a3900000,0x00000007a3900000,0x00000007c0000000)
 ParOldGen       total 1849344K, used 1522344K [0x00000006c0000000, 0x0000000730e00000, 0x000000076ab00000)
  object space 1849344K, 82% used [0x00000006c0000000,0x000000071ceaa248,0x0000000730e00000)
 Metaspace       used 26932K, capacity 27130K, committed 27520K, reserved 1073152K
  class space    used 3043K, capacity 3091K, committed 3200K, reserved 1048576K
Event: 149.083 GC heap after
Heap after GC invocations=61 (full 37):
 PSYoungGen      total 931840K, used 50558K [0x000000076ab00000, 0x00000007c0000000, 0x00000007c0000000)
  eden space 465920K, 0% used [0x000000076ab00000,0x000000076ab00000,0x0000000787200000)
  from space 465920K, 10% used [0x00000007a3900000,0x00000007a6a5fb68,0x00000007c0000000)
  to   space 465920K, 0% used [0x0000000787200000,0x0000000787200000,0x00000007a3900000)
 ParOldGen       total 1849344K, used 1566687K [0x00000006c0000000, 0x0000000730e00000, 0x000000076ab00000)
  object space 1849344K, 84% used [0x00000006c0000000,0x000000071f9f7c20,0x0000000730e00000)
 Metaspace       used 26932K, capacity 27130K, committed 27520K, reserved 1073152K
  class space    used 3043K, capacity 3091K, committed 3200K, reserved 1048576K
}
Event: 149.083 GC heap before
{Heap before GC invocations=62 (full 38):
 PSYoungGen      total 931840K, used 50558K [0x000000076ab00000, 0x00000007c0000000, 0x00000007c0000000)
  eden space 465920K, 0% used [0x000000076ab00000,0x000000076ab00000,0x0000000787200000)
  from space 465920K, 10% used [0x00000007a3900000,0x00000007a6a5fb68,0x00000007c0000000)
  to   space 465920K, 0% used [0x0000000787200000,0x0000000787200000,0x00000007a3900000)
 ParOldGen       total 1849344K, used 1566687K [0x00000006c0000000, 0x0000000730e00000, 0x000000076ab00000)
  object space 1849344K, 84% used [0x00000006c0000000,0x000000071f9f7c20,0x0000000730e00000)
 Metaspace       used 26932K, capacity 27130K, committed 27520K, reserved 1073152K
  class space    used 3043K, capacity 3091K, committed 3200K, reserved 1048576K
Event: 151.199 GC heap after
Heap after GC invocations=62 (full 38):
 PSYoungGen      total 931840K, used 0K [0x000000076ab00000, 0x00000007c0000000, 0x00000007c0000000)
  eden space 465920K, 0% used [0x000000076ab00000,0x000000076ab00000,0x0000000787200000)
  from space 465920K, 0% used [0x00000007a3900000,0x00000007a3900000,0x00000007c0000000)
  to   space 465920K, 0% used [0x0000000787200000,0x0000000787200000,0x00000007a3900000)
 ParOldGen       total 1849344K, used 1453207K [0x00000006c0000000, 0x0000000730e00000, 0x000000076ab00000)
  object space 1849344K, 78% used [0x00000006c0000000,0x0000000718b25ca0,0x0000000730e00000)
 Metaspace       used 26932K, capacity 27130K, committed 27520K, reserved 1073152K
  class space    used 3043K, capacity 3091K, committed 3200K, reserved 1048576K
}

Deoptimization events (10 events):
Event: 153.219 Thread 0x00000000020e9800 Uncommon trap: reason=class_check action=maybe_recompile pc=0x00000000029738f8 method=com.android.sched.vfs.BaseVFile.getInputStream()Ljava/io/InputStream; @ 5
Event: 153.219 Thread 0x00000000020e9800 Uncommon trap: reason=bimorphic action=maybe_recompile pc=0x000000000426a934 method=com.android.sched.vfs.BaseVFile.getOutputStream(Z)Ljava/io/OutputStream; @ 6
Event: 153.222 Thread 0x00000000020e9800 Uncommon trap: reason=class_check action=maybe_recompile pc=0x00000000029738f8 method=com.android.sched.vfs.BaseVFile.getInputStream()Ljava/io/InputStream; @ 5
Event: 153.222 Thread 0x00000000020e9800 Uncommon trap: reason=class_check action=maybe_recompile pc=0x00000000026e7cd8 method=com.android.sched.vfs.PrefixedFS.openRead(Lcom/android/sched/vfs/BaseVFile;)Ljava/io/InputStream; @ 5
Event: 153.222 Thread 0x00000000020e9800 Uncommon trap: reason=class_check action=maybe_recompile pc=0x00000000029738f8 method=com.android.sched.vfs.BaseVFile.getInputStream()Ljava/io/InputStream; @ 5
Event: 153.222 Thread 0x00000000020e9800 Uncommon trap: reason=bimorphic action=maybe_recompile pc=0x000000000426a934 method=com.android.sched.vfs.BaseVFile.getOutputStream(Z)Ljava/io/OutputStream; @ 6
Event: 153.222 Thread 0x00000000020e9800 Uncommon trap: reason=class_check action=maybe_recompile pc=0x00000000026e7cd8 method=com.android.sched.vfs.PrefixedFS.openRead(Lcom/android/sched/vfs/BaseVFile;)Ljava/io/InputStream; @ 5
Event: 153.222 Thread 0x00000000020e9800 Uncommon trap: reason=bimorphic action=maybe_recompile pc=0x000000000426a934 method=com.android.sched.vfs.BaseVFile.getOutputStream(Z)Ljava/io/OutputStream; @ 6
Event: 153.222 Thread 0x00000000020e9800 Uncommon trap: reason=class_check action=maybe_recompile pc=0x00000000026e7cd8 method=com.android.sched.vfs.PrefixedFS.openRead(Lcom/android/sched/vfs/BaseVFile;)Ljava/io/InputStream; @ 5
Event: 153.222 Thread 0x00000000020e9800 Uncommon trap: reason=bimorphic action=maybe_recompile pc=0x000000000426a934 method=com.android.sched.vfs.BaseVFile.getOutputStream(Z)Ljava/io/OutputStream; @ 6

Internal exceptions (10 events):
Event: 130.858 Thread 0x000000001f6e3800 Implicit null exception at 0x0000000003dd77fa to 0x0000000003dd8e49
Event: 145.777 Thread 0x000000001f6e4800 Implicit null exception at 0x0000000003378da3 to 0x0000000003379961
Event: 148.625 Thread 0x000000001f6e2000 Implicit null exception at 0x0000000003f35b99 to 0x0000000003f361b9
Event: 148.625 Thread 0x000000001f6e2000 Implicit null exception at 0x0000000003bb4feb to 0x0000000003bb55a1
Event: 151.310 Thread 0x000000001f6e0800 Implicit null exception at 0x00000000031bde93 to 0x00000000031bdeac
Event: 151.548 Thread 0x000000001f6e2000 Implicit null exception at 0x00000000029de5a1 to 0x00000000029e11c5
Event: 151.548 Thread 0x000000001f6e4800 Implicit null exception at 0x00000000029de5a1 to 0x00000000029e11c5
Event: 151.576 Thread 0x000000001f6df000 Implicit null exception at 0x0000000002751793 to 0x000000000275187d
Event: 153.125 Thread 0x000000001f6e3800 Exception <a 'java/lang/OutOfMemoryError'> (0x000000077f507498) thrown at [C:\re\workspace\8-2-build-windows-amd64-cygwin\jdk8u91\7017\hotspot\src\share\vm\prims\jni.cpp, line 735]
Event: 153.125 Thread 0x000000001f6e0800 Exception <a 'java/lang/OutOfMemoryError'> (0x000000077f593878) thrown at [C:\re\workspace\8-2-build-windows-amd64-cygwin\jdk8u91\7017\hotspot\src\share\vm\prims\jni.cpp, line 735]

Events (10 events):
Event: 153.222 Thread 0x00000000020e9800 DEOPT UNPACKING pc=0x000000000222582a sp=0x00000000020de7e0 mode 2
Event: 153.222 Thread 0x00000000020e9800 Uncommon trap: trap_request=0xffffffc6 fr.pc=0x000000000426a934
Event: 153.222 Thread 0x00000000020e9800 DEOPT PACKING pc=0x000000000426a934 sp=0x00000000020de850
Event: 153.222 Thread 0x00000000020e9800 DEOPT UNPACKING pc=0x000000000222582a sp=0x00000000020de848 mode 2
Event: 153.222 Thread 0x00000000020e9800 Uncommon trap: trap_request=0xffffffde fr.pc=0x00000000026e7cd8
Event: 153.222 Thread 0x00000000020e9800 DEOPT PACKING pc=0x00000000026e7cd8 sp=0x00000000020de760
Event: 153.222 Thread 0x00000000020e9800 DEOPT UNPACKING pc=0x000000000222582a sp=0x00000000020de710 mode 2
Event: 153.222 Thread 0x00000000020e9800 Uncommon trap: trap_request=0xffffffc6 fr.pc=0x000000000426a934
Event: 153.222 Thread 0x00000000020e9800 DEOPT PACKING pc=0x000000000426a934 sp=0x00000000020de780
Event: 153.222 Thread 0x00000000020e9800 DEOPT UNPACKING pc=0x000000000222582a sp=0x00000000020de778 mode 2


Dynamic libraries:
0x00007ff762ab0000 - 0x00007ff762ae7000 	C:\Program Files\Java\jdk1.8.0_91\bin\java.exe
0x00007ffa60550000 - 0x00007ffa606fd000 	C:\Windows\SYSTEM32\ntdll.dll
0x00007ffa60410000 - 0x00007ffa6054e000 	C:\Windows\system32\KERNEL32.DLL
0x00007ffa5d7c0000 - 0x00007ffa5d8d5000 	C:\Windows\system32\KERNELBASE.dll
0x00007ffa5c230000 - 0x00007ffa5c2be000 	C:\Windows\system32\apphelp.dll
0x00007ffa4cb10000 - 0x00007ffa4cb63000 	C:\Windows\AppPatch\AppPatch64\AcGenral.DLL
0x00007ffa60360000 - 0x00007ffa6040a000 	C:\Windows\system32\msvcrt.dll
0x00007ffa5d740000 - 0x00007ffa5d76e000 	C:\Windows\system32\SspiCli.dll
0x00007ffa5e380000 - 0x00007ffa5e3d4000 	C:\Windows\system32\SHLWAPI.dll
0x00007ffa5e080000 - 0x00007ffa5e1f7000 	C:\Windows\system32\USER32.dll
0x00007ffa5e610000 - 0x00007ffa5e7a4000 	C:\Windows\system32\ole32.dll
0x00007ffa5e7b0000 - 0x00007ffa5fcd9000 	C:\Windows\system32\SHELL32.dll
0x00007ffa5cc30000 - 0x00007ffa5cc51000 	C:\Windows\SYSTEM32\USERENV.dll
0x00007ffa5e2d0000 - 0x00007ffa5e37a000 	C:\Windows\system32\ADVAPI32.dll
0x00007ffa51e90000 - 0x00007ffa51eae000 	C:\Windows\SYSTEM32\MPR.dll
0x00007ffa601e0000 - 0x00007ffa60320000 	C:\Windows\system32\RPCRT4.dll
0x00007ffa600f0000 - 0x00007ffa60149000 	C:\Windows\SYSTEM32\sechost.dll
0x00007ffa5e3f0000 - 0x00007ffa5e602000 	C:\Windows\SYSTEM32\combase.dll
0x00007ffa5deb0000 - 0x00007ffa5dffb000 	C:\Windows\system32\GDI32.dll
0x00007ffa5d670000 - 0x00007ffa5d685000 	C:\Windows\SYSTEM32\profapi.dll
0x00007ffa5bce0000 - 0x00007ffa5bd92000 	C:\Windows\SYSTEM32\SHCORE.dll
0x00007ffa60320000 - 0x00007ffa60356000 	C:\Windows\system32\IMM32.DLL
0x00007ffa5dd50000 - 0x00007ffa5dea2000 	C:\Windows\system32\MSCTF.dll
0x00007ffa5ab50000 - 0x00007ffa5adcb000 	C:\Windows\WinSxS\amd64_microsoft.windows.common-controls_6595b64144ccf1df_6.0.9600.18006_none_623f33d3ecbe86e8\COMCTL32.dll
0x0000000066f90000 - 0x0000000067062000 	C:\Program Files\Java\jdk1.8.0_91\jre\bin\msvcr100.dll
0x00000000666f0000 - 0x0000000066f83000 	C:\Program Files\Java\jdk1.8.0_91\jre\bin\server\jvm.dll
0x00007ffa4cac0000 - 0x00007ffa4cac9000 	C:\Windows\SYSTEM32\WSOCK32.dll
0x00007ffa51dd0000 - 0x00007ffa51df2000 	C:\Windows\SYSTEM32\WINMM.dll
0x00007ffa57de0000 - 0x00007ffa57dea000 	C:\Windows\SYSTEM32\VERSION.dll
0x00007ffa5e3e0000 - 0x00007ffa5e3e7000 	C:\Windows\system32\PSAPI.DLL
0x00007ffa60080000 - 0x00007ffa600da000 	C:\Windows\system32\WS2_32.dll
0x00007ffa51da0000 - 0x00007ffa51dca000 	C:\Windows\SYSTEM32\WINMMBASE.dll
0x00007ffa600e0000 - 0x00007ffa600e9000 	C:\Windows\system32\NSI.dll
0x00007ffa5d770000 - 0x00007ffa5d7bf000 	C:\Windows\SYSTEM32\cfgmgr32.dll
0x00007ffa5c490000 - 0x00007ffa5c4b8000 	C:\Windows\SYSTEM32\DEVOBJ.dll
0x00000000666e0000 - 0x00000000666ef000 	C:\Program Files\Java\jdk1.8.0_91\jre\bin\verify.dll
0x00000000666b0000 - 0x00000000666d9000 	C:\Program Files\Java\jdk1.8.0_91\jre\bin\java.dll
0x0000000066690000 - 0x00000000666a6000 	C:\Program Files\Java\jdk1.8.0_91\jre\bin\zip.dll
0x0000000066610000 - 0x0000000066634000 	C:\Program Files\Java\jdk1.8.0_91\jre\bin\sunec.dll
0x00000000655b0000 - 0x00000000655bb000 	C:\Program Files\Java\jdk1.8.0_91\jre\bin\sunmscapi.dll
0x00007ffa5d990000 - 0x00007ffa5db6f000 	C:\Windows\system32\CRYPT32.dll
0x00007ffa5d720000 - 0x00007ffa5d731000 	C:\Windows\system32\MSASN1.dll
0x0000000066640000 - 0x000000006664d000 	C:\Program Files\Java\jdk1.8.0_91\jre\bin\management.dll

VM Arguments:
jvm_args: -Djava.awt.headless=true -Xmx4g -Dfile.encoding=UTF-8 -Duser.country=US -Duser.language=en -Duser.variant 
java_command: com.android.jack.Main -D jack.dex.optimize=true -D jack.reporter=sdk -D jack.dex.debug.vars=true --classpath C:\Users\Android\Desktop\Driver\VCC\app\build\intermediates\transforms\preJackRuntimeLibraries\debug\jars\8000\40\android-739ff67ea2bbb273806d157f0ecc480d79681da6.jar;C:\Users\Android\Desktop\Driver\VCC\app\build\intermediates\transforms\preJackRuntimeLibraries\debug\jars\8000\40\android-fcf1f4008242e90b1ea8f497c7185fd62baee659.jar;C:\Users\Android\Desktop\Driver\VCC\app\build\intermediates\transforms\preJackRuntimeLibraries\debug\jars\8000\40\org.apache.http.legacy-6c0a3644cf1f4cfabb7a030d4a3adf40db01dbc3.jar;C:\Users\Android\Desktop\Driver\VCC\app\build\intermediates\transforms\preJackRuntimeLibraries\debug\jars\8000\40\org.apache.http.legacy-813e8d2840e95b8865041ca1d8a403d3ef2e95a9.jar --import C:\Users\Android\Desktop\Driver\VCC\app\build\intermediates\transforms\preJackPackagedLibraries\debug\jars\8000\1f\activation-a91e8969f736e26a92540dce42ac8504e802d12f.jar --import C:\Users\Android\Desktop\Driver\VCC\app\build\intermediates\transforms\preJackPackagedLibraries\debug\jars\8000\1f\activation-fe715f4da0d12f7dc504b5513e81e5395295d399.jar --import C:\Users\Android\Desktop\Driver\VCC\app\build\intermediates\transforms\preJackPackagedLibraries\debug\jars\8000\1f\additionnal-9957d4e3d1440a41b19f104784899849ac5bfb2b.jar --import C:\Users\Android\Desktop\Driver\VCC\app\build\intermediates\transforms\preJackPackagedLibraries\debug\jars\8000\1f\additionnal-a6d7096dc4f708768fd3d66e357b609ba5f8dc32.jar --import C:\Users\Android\Desktop\Driver\VCC\app\build\intermediates\transforms\preJackPackagedLibraries\debug\jars\8000\1f\annotations-4.0.0-RC0-c7abafd5b042e6e48f2e02747ddc5e2761d5ef6f.jar --import C:\Users\Android\Desktop\Driver\VCC\app\build\intermediates\transforms\preJackPackagedLibraries\debug\jars\8000\1f\annotations-4.0.0-RC0-e11fa71ecac15c8c978a0b01af0a9f5f9dc3eadf.jar --import C:\Users\Android\Desktop\Driver\VCC\app\build\intermediates\tran
java_class_path (initial): F:\Android-Tools\Eclipse2015\sdk\build-tools\25.0.0\jack.jar
Launcher Type: SUN_STANDARD

Environment Variables:
PATH=C:\Program Files (x86)\PC Connectivity Solution\;C:\ProgramData\Oracle\Java\javapath;C:\Windows\system32;C:\Windows;C:\Windows\System32\Wbem;C:\Windows\System32\WindowsPowerShell\v1.0\;C:\Program Files (x86)\Windows Kits\8.1\Windows Performance Toolkit\;C:\Program Files\Microsoft SQL Server\110\Tools\Binn\;C:\Program Files (x86)\Microsoft SQL Server\100\Tools\Binn\;C:\Program Files\Microsoft SQL Server\100\Tools\Binn\;C:\Program Files\Microsoft SQL Server\100\DTS\Binn\;C:\Program Files (x86)\Microsoft SQL Server\100\Tools\Binn\VSShell\Common7\IDE\;C:\Program Files (x86)\Microsoft Visual Studio 9.0\Common7\IDE\PrivateAssemblies\;C:\Program Files (x86)\Microsoft SQL Server\100\DTS\Binn\;C:\Program Files\nodejs\;C:\Program Files (x86)\Skype\Phone\;C:\Program Files\Git\cmd;C:\xampp\php;C:\ProgramData\ComposerSetup\bin;C:\xampp\php;C:\Users\Android\AppData\Roaming\npm;C:\Users\Android\AppData\Roaming\Composer\vendor\bin
USERNAME=Android
OS=Windows_NT
PROCESSOR_IDENTIFIER=Intel64 Family 6 Model 60 Stepping 3, GenuineIntel



---------------  S Y S T E M  ---------------

OS: Windows 8.1 , 64 bit Build 9600 (6.3.9600.17415)

CPU:total 8 (4 cores per cpu, 2 threads per core) family 6 model 60 stepping 3, cmov, cx8, fxsr, mmx, sse, sse2, sse3, ssse3, sse4.1, sse4.2, popcnt, avx, avx2, aes, clmul, erms, rtm, lzcnt, ht, tsc, tscinvbit, bmi1, bmi2

Memory: 4k page, physical 16688520k(1866976k free), swap 19834248k(3144k free)

vm_info: Java HotSpot(TM) 64-Bit Server VM (25.91-b15) for windows-amd64 JRE (1.8.0_91-b15), built on May 20 2016 17:43:15 by "java_re" with MS VC++ 10.0 (VS2010)

time: Thu Jul 27 18:53:15 2017
elapsed time: 153 seconds (0d 0h 2m 33s)

